<?xml version="1.0" encoding="UTF-8"?>
<testsuite xmlns:xsi="http://www.w3.org/2001/XMLSchema-instance" xsi:noNamespaceSchemaLocation="https://maven.apache.org/surefire/maven-surefire-plugin/xsd/surefire-test-report-3.0.xsd" version="3.0" name="TestSuite" time="0.715" tests="1" errors="0" skipped="0" failures="0">
  <properties>
[...]
</properties>
  <testcase name="runScenario[&quot;authentifcation&quot;, &quot;Optional[authentifcation]&quot;](1)" classname="TestRunner" time="0.088">
    <system-out><![CDATA[
@TEST_xrayTB_6
Scenario: authentifcation           &amp#27;[90m# src/main/java/xray-feature/1_authentifcation .feature:4&amp#27;[0m
  &amp#27;[32mGiven &amp#27;[0m&amp#27;[32mopen qualipro Web&amp#27;[0m           &amp#27;[90m# steps.StepDef.open_qualipro_web()&amp#27;[0m
  &amp#27;[32mWhen &amp#27;[0m&amp#27;[32mwrite  login  and   password&amp#27;[0m &amp#27;[90m# steps.StepDef.write_login_and_password()&amp#27;[0m
  &amp#27;[32mAnd &amp#27;[0m&amp#27;[32mUser click connecte button&amp#27;[0m    &amp#27;[90m# steps.StepDef.user_click_connecte_button()&amp#27;[0m
  &amp#27;[32mThen &amp#27;[0m&amp#27;[32mUser redirected to homepage&amp#27;[0m  &amp#27;[90m# steps.StepDef.user_redirected_to_homepage()&amp#27;[0m
]]></system-out>
  </testcase>
</testsuite>